0 verbose cli C:\Program Files\nodejs\node.exe C:\Program Files\nodejs\node_modules\npm\bin\npm-cli.js
1 info using npm@10.2.4
2 info using node@v20.11.0
3 timing npm:load:whichnode Completed in 3ms
4 timing config:load:defaults Completed in 2ms
5 timing config:load:file:C:\Program Files\nodejs\node_modules\npm\npmrc Completed in 6ms
6 timing config:load:builtin Completed in 7ms
7 timing config:load:cli Completed in 3ms
8 timing config:load:env Completed in 1ms
9 timing config:load:file:C:\Users\user\Desktop\Pemrograman Web\project-uas-if21-mangeakkk\example-app\.npmrc Completed in 1ms
10 timing config:load:project Completed in 2ms
11 timing config:load:file:C:\Users\user\.npmrc Completed in 1ms
12 timing config:load:user Completed in 1ms
13 timing config:load:file:C:\Users\user\Desktop\Pemrograman Web\project-uas-if21-mangeakkk\example-app\UsersuserAppDataRoamingnpm\etc\npmrc Completed in 0ms
14 timing config:load:global Completed in 1ms
15 timing config:load:setEnvs Completed in 1ms
16 timing config:load Completed in 18ms
17 timing npm:load:configload Completed in 18ms
18 timing config:load:flatten Completed in 2ms
19 timing npm:load:mkdirpcache Completed in 1ms
20 timing npm:load:mkdirplogs Completed in 1ms
21 verbose title npm run dev
22 verbose argv "run" "dev"
23 timing npm:load:setTitle Completed in 1ms
24 timing npm:load:display Completed in 1ms
25 verbose logfile logs-max:10 dir:C:\Users\user\Desktop\Pemrograman Web\project-uas-if21-mangeakkk\example-app\UsersuserAppDataRoamingnpm-cache\_logs\2024-06-18T08_10_00_061Z-
26 verbose logfile C:\Users\user\Desktop\Pemrograman Web\project-uas-if21-mangeakkk\example-app\UsersuserAppDataRoamingnpm-cache\_logs\2024-06-18T08_10_00_061Z-debug-0.log
27 timing npm:load:logFile Completed in 20ms
28 timing npm:load:timers Completed in 0ms
29 timing npm:load:configScope Completed in 0ms
30 timing npm:load Completed in 97ms
31 silly logfile done cleaning log files
32 timing command:run Completed in 24488364ms
33 verbose exit 0
34 timing npm Completed in 24488563ms
35 info ok
