0 verbose cli C:\Program Files\nodejs\node.exe C:\Program Files\nodejs\node_modules\npm\bin\npm-cli.js
1 info using npm@10.2.4
2 info using node@v20.11.0
3 timing npm:load:whichnode Completed in 3ms
4 timing config:load:defaults Completed in 7ms
5 timing config:load:file:C:\Program Files\nodejs\node_modules\npm\npmrc Completed in 2ms
6 timing config:load:builtin Completed in 4ms
7 timing config:load:cli Completed in 2ms
8 timing config:load:env Completed in 1ms
9 timing config:load:file:C:\Users\user\Desktop\Pemrograman Web\project-uas-if21-mangeakkk\example-app\.npmrc Completed in 0ms
10 timing config:load:project Completed in 1ms
11 timing config:load:file:C:\Users\user\.npmrc Completed in 0ms
12 timing config:load:user Completed in 0ms
13 timing config:load:file:C:\Users\user\Desktop\Pemrograman Web\project-uas-if21-mangeakkk\example-app\UsersuserAppDataRoamingnpm\etc\npmrc Completed in 1ms
14 timing config:load:global Completed in 1ms
15 timing config:load:setEnvs Completed in 1ms
16 timing config:load Completed in 18ms
17 timing npm:load:configload Completed in 18ms
18 timing config:load:flatten Completed in 2ms
19 timing npm:load:mkdirpcache Completed in 1ms
20 timing npm:load:mkdirplogs Completed in 0ms
21 verbose title npm install
22 verbose argv "install"
23 timing npm:load:setTitle Completed in 1ms
24 timing npm:load:display Completed in 1ms
25 verbose logfile logs-max:10 dir:C:\Users\user\Desktop\Pemrograman Web\project-uas-if21-mangeakkk\example-app\UsersuserAppDataRoamingnpm-cache\_logs\2024-06-18T08_09_41_111Z-
26 verbose logfile C:\Users\user\Desktop\Pemrograman Web\project-uas-if21-mangeakkk\example-app\UsersuserAppDataRoamingnpm-cache\_logs\2024-06-18T08_09_41_111Z-debug-0.log
27 timing npm:load:logFile Completed in 20ms
28 timing npm:load:timers Completed in 0ms
29 timing npm:load:configScope Completed in 0ms
30 timing npm:load Completed in 101ms
31 timing arborist:ctor Completed in 1ms
32 silly logfile done cleaning log files
33 timing idealTree:init Completed in 87ms
34 timing idealTree:userRequests Completed in 1ms
35 silly idealTree buildDeps
36 timing idealTree:#root Completed in 0ms
37 timing idealTree:buildDeps Completed in 1ms
38 timing idealTree:fixDepFlags Completed in 0ms
39 timing idealTree Completed in 93ms
40 timing arborist:ctor Completed in 0ms
41 timing reify:loadTrees Completed in 143ms
42 timing reify:diffTrees Completed in 16ms
43 silly reify moves {}
44 timing reify:retireShallow Completed in 1ms
45 timing reify:createSparse Completed in 13ms
46 timing reify:loadBundles Completed in 0ms
47 silly audit bulk request {
47 silly audit   '@alloc/quick-lru': [ '5.2.0' ],
47 silly audit   '@esbuild/aix-ppc64': [ '0.21.5' ],
47 silly audit   '@esbuild/android-arm': [ '0.21.5' ],
47 silly audit   '@esbuild/android-arm64': [ '0.21.5' ],
47 silly audit   '@esbuild/android-x64': [ '0.21.5' ],
47 silly audit   '@esbuild/darwin-arm64': [ '0.21.5' ],
47 silly audit   '@esbuild/darwin-x64': [ '0.21.5' ],
47 silly audit   '@esbuild/freebsd-arm64': [ '0.21.5' ],
47 silly audit   '@esbuild/freebsd-x64': [ '0.21.5' ],
47 silly audit   '@esbuild/linux-arm': [ '0.21.5' ],
47 silly audit   '@esbuild/linux-arm64': [ '0.21.5' ],
47 silly audit   '@esbuild/linux-ia32': [ '0.21.5' ],
47 silly audit   '@esbuild/linux-loong64': [ '0.21.5' ],
47 silly audit   '@esbuild/linux-mips64el': [ '0.21.5' ],
47 silly audit   '@esbuild/linux-ppc64': [ '0.21.5' ],
47 silly audit   '@esbuild/linux-riscv64': [ '0.21.5' ],
47 silly audit   '@esbuild/linux-s390x': [ '0.21.5' ],
47 silly audit   '@esbuild/linux-x64': [ '0.21.5' ],
47 silly audit   '@esbuild/netbsd-x64': [ '0.21.5' ],
47 silly audit   '@esbuild/openbsd-x64': [ '0.21.5' ],
47 silly audit   '@esbuild/sunos-x64': [ '0.21.5' ],
47 silly audit   '@esbuild/win32-arm64': [ '0.21.5' ],
47 silly audit   '@esbuild/win32-ia32': [ '0.21.5' ],
47 silly audit   '@esbuild/win32-x64': [ '0.21.5' ],
47 silly audit   '@isaacs/cliui': [ '8.0.2' ],
47 silly audit   '@jridgewell/gen-mapping': [ '0.3.5' ],
47 silly audit   '@jridgewell/resolve-uri': [ '3.1.2' ],
47 silly audit   '@jridgewell/set-array': [ '1.2.1' ],
47 silly audit   '@jridgewell/sourcemap-codec': [ '1.4.15' ],
47 silly audit   '@jridgewell/trace-mapping': [ '0.3.25' ],
47 silly audit   '@nodelib/fs.scandir': [ '2.1.5' ],
47 silly audit   '@nodelib/fs.stat': [ '2.0.5' ],
47 silly audit   '@nodelib/fs.walk': [ '1.2.8' ],
47 silly audit   '@pkgjs/parseargs': [ '0.11.0' ],
47 silly audit   '@rollup/rollup-android-arm-eabi': [ '4.18.0' ],
47 silly audit   '@rollup/rollup-android-arm64': [ '4.18.0' ],
47 silly audit   '@rollup/rollup-darwin-arm64': [ '4.18.0' ],
47 silly audit   '@rollup/rollup-darwin-x64': [ '4.18.0' ],
47 silly audit   '@rollup/rollup-linux-arm-gnueabihf': [ '4.18.0' ],
47 silly audit   '@rollup/rollup-linux-arm-musleabihf': [ '4.18.0' ],
47 silly audit   '@rollup/rollup-linux-arm64-gnu': [ '4.18.0' ],
47 silly audit   '@rollup/rollup-linux-arm64-musl': [ '4.18.0' ],
47 silly audit   '@rollup/rollup-linux-powerpc64le-gnu': [ '4.18.0' ],
47 silly audit   '@rollup/rollup-linux-riscv64-gnu': [ '4.18.0' ],
47 silly audit   '@rollup/rollup-linux-s390x-gnu': [ '4.18.0' ],
47 silly audit   '@rollup/rollup-linux-x64-gnu': [ '4.18.0' ],
47 silly audit   '@rollup/rollup-linux-x64-musl': [ '4.18.0' ],
47 silly audit   '@rollup/rollup-win32-arm64-msvc': [ '4.18.0' ],
47 silly audit   '@rollup/rollup-win32-ia32-msvc': [ '4.18.0' ],
47 silly audit   '@rollup/rollup-win32-x64-msvc': [ '4.18.0' ],
47 silly audit   '@tailwindcss/forms': [ '0.5.7' ],
47 silly audit   '@types/estree': [ '1.0.5' ],
47 silly audit   '@vue/reactivity': [ '3.1.5' ],
47 silly audit   '@vue/shared': [ '3.1.5' ],
47 silly audit   alpinejs: [ '3.14.0' ],
47 silly audit   'ansi-regex': [ '6.0.1', '5.0.1' ],
47 silly audit   'ansi-styles': [ '6.2.1', '4.3.0' ],
47 silly audit   'any-promise': [ '1.3.0' ],
47 silly audit   anymatch: [ '3.1.3' ],
47 silly audit   arg: [ '5.0.2' ],
47 silly audit   asynckit: [ '0.4.0' ],
47 silly audit   autoprefixer: [ '10.4.19' ],
47 silly audit   axios: [ '1.7.2' ],
47 silly audit   'balanced-match': [ '1.0.2' ],
47 silly audit   'binary-extensions': [ '2.3.0' ],
47 silly audit   'brace-expansion': [ '2.0.1' ],
47 silly audit   braces: [ '3.0.3' ],
47 silly audit   browserslist: [ '4.23.1' ],
47 silly audit   'camelcase-css': [ '2.0.1' ],
47 silly audit   'caniuse-lite': [ '1.0.30001636' ],
47 silly audit   chokidar: [ '3.6.0' ],
47 silly audit   'glob-parent': [ '5.1.2', '6.0.2' ],
47 silly audit   'color-convert': [ '2.0.1' ],
47 silly audit   'color-name': [ '1.1.4' ],
47 silly audit   'combined-stream': [ '1.0.8' ],
47 silly audit   commander: [ '4.1.1' ],
47 silly audit   'cross-spawn': [ '7.0.3' ],
47 silly audit   cssesc: [ '3.0.0' ],
47 silly audit   'delayed-stream': [ '1.0.0' ],
47 silly audit   didyoumean: [ '1.2.2' ],
47 silly audit   dlv: [ '1.1.3' ],
47 silly audit   eastasianwidth: [ '0.2.0' ],
47 silly audit   'electron-to-chromium': [ '1.4.805' ],
47 silly audit   'emoji-regex': [ '9.2.2', '8.0.0' ],
47 silly audit   esbuild: [ '0.21.5' ],
47 silly audit   escalade: [ '3.1.2' ],
47 silly audit   'fast-glob': [ '3.3.2' ],
47 silly audit   fastq: [ '1.17.1' ],
47 silly audit   'fill-range': [ '7.1.1' ],
47 silly audit   'follow-redirects': [ '1.15.6' ],
47 silly audit   'foreground-child': [ '3.2.1' ],
47 silly audit   'form-data': [ '4.0.0' ],
47 silly audit   'fraction.js': [ '4.3.7' ],
47 silly audit   fsevents: [ '2.3.3' ],
47 silly audit   'function-bind': [ '1.1.2' ],
47 silly audit   glob: [ '10.4.1' ],
47 silly audit   hasown: [ '2.0.2' ],
47 silly audit   'is-binary-path': [ '2.1.0' ],
47 silly audit   'is-core-module': [ '2.13.1' ],
47 silly audit   'is-extglob': [ '2.1.1' ],
47 silly audit   'is-fullwidth-code-point': [ '3.0.0' ],
47 silly audit   'is-glob': [ '4.0.3' ],
47 silly audit   'is-number': [ '7.0.0' ],
47 silly audit   isexe: [ '2.0.0' ],
47 silly audit   jackspeak: [ '3.4.0' ],
47 silly audit   jiti: [ '1.21.6' ],
47 silly audit   'laravel-vite-plugin': [ '1.0.4' ],
47 silly audit   lilconfig: [ '2.1.0', '3.1.2' ],
47 silly audit   'lines-and-columns': [ '1.2.4' ],
47 silly audit   'lru-cache': [ '10.2.2' ],
47 silly audit   merge2: [ '1.4.1' ],
47 silly audit   micromatch: [ '4.0.7' ],
47 silly audit   'mime-db': [ '1.52.0' ],
47 silly audit   'mime-types': [ '2.1.35' ],
47 silly audit   'mini-svg-data-uri': [ '1.4.4' ],
47 silly audit   minimatch: [ '9.0.4' ],
47 silly audit   minipass: [ '7.1.2' ],
47 silly audit   mz: [ '2.7.0' ],
47 silly audit   nanoid: [ '3.3.7' ],
47 silly audit   'node-releases': [ '2.0.14' ],
47 silly audit   'normalize-path': [ '3.0.0' ],
47 silly audit   'normalize-range': [ '0.1.2' ],
47 silly audit   'object-assign': [ '4.1.1' ],
47 silly audit   'object-hash': [ '3.0.0' ],
47 silly audit   'path-key': [ '3.1.1' ],
47 silly audit   'path-parse': [ '1.0.7' ],
47 silly audit   'path-scurry': [ '1.11.1' ],
47 silly audit   picocolors: [ '1.0.1' ],
47 silly audit   picomatch: [ '2.3.1' ],
47 silly audit   pify: [ '2.3.0' ],
47 silly audit   pirates: [ '4.0.6' ],
47 silly audit   postcss: [ '8.4.38' ],
47 silly audit   'postcss-import': [ '15.1.0' ],
47 silly audit   'postcss-js': [ '4.0.1' ],
47 silly audit   'postcss-load-config': [ '4.0.2' ],
47 silly audit   'postcss-nested': [ '6.0.1' ],
47 silly audit   'postcss-selector-parser': [ '6.1.0' ],
47 silly audit   'postcss-value-parser': [ '4.2.0' ],
47 silly audit   'proxy-from-env': [ '1.1.0' ],
47 silly audit   'queue-microtask': [ '1.2.3' ],
47 silly audit   'read-cache': [ '1.0.0' ],
47 silly audit   readdirp: [ '3.6.0' ],
47 silly audit   resolve: [ '1.22.8' ],
47 silly audit   reusify: [ '1.0.4' ],
47 silly audit   rollup: [ '4.18.0' ],
47 silly audit   'run-parallel': [ '1.2.0' ],
47 silly audit   'shebang-command': [ '2.0.0' ],
47 silly audit   'shebang-regex': [ '3.0.0' ],
47 silly audit   'signal-exit': [ '4.1.0' ],
47 silly audit   'source-map-js': [ '1.2.0' ],
47 silly audit   'string-width': [ '5.1.2', '4.2.3' ],
47 silly audit   'strip-ansi': [ '6.0.1', '7.1.0' ],
47 silly audit   sucrase: [ '3.35.0' ],
47 silly audit   'supports-preserve-symlinks-flag': [ '1.0.0' ],
47 silly audit   tailwindcss: [ '3.4.4' ],
47 silly audit   thenify: [ '3.3.1' ],
47 silly audit   'thenify-all': [ '1.6.0' ],
47 silly audit   'to-regex-range': [ '5.0.1' ],
47 silly audit   'ts-interface-checker': [ '0.1.13' ],
47 silly audit   'update-browserslist-db': [ '1.0.16' ],
47 silly audit   'util-deprecate': [ '1.0.2' ],
47 silly audit   vite: [ '5.3.1' ],
47 silly audit   'vite-plugin-full-reload': [ '1.1.0' ],
47 silly audit   which: [ '2.0.2' ],
47 silly audit   'wrap-ansi': [ '8.1.0', '7.0.0' ],
47 silly audit   yaml: [ '2.4.5' ]
47 silly audit }
48 verbose reify failed optional dependency C:\Users\user\Desktop\Pemrograman Web\project-uas-if21-mangeakkk\example-app\node_modules\fsevents
49 silly reify mark deleted [
49 silly reify   'C:\\Users\\user\\Desktop\\Pemrograman Web\\project-uas-if21-mangeakkk\\example-app\\node_modules\\fsevents'
49 silly reify ]
50 verbose reify failed optional dependency C:\Users\user\Desktop\Pemrograman Web\project-uas-if21-mangeakkk\example-app\node_modules\@rollup\rollup-win32-ia32-msvc
51 silly reify mark deleted [
51 silly reify   'C:\\Users\\user\\Desktop\\Pemrograman Web\\project-uas-if21-mangeakkk\\example-app\\node_modules\\@rollup\\rollup-win32-ia32-msvc'
51 silly reify ]
52 verbose reify failed optional dependency C:\Users\user\Desktop\Pemrograman Web\project-uas-if21-mangeakkk\example-app\node_modules\@rollup\rollup-win32-arm64-msvc
53 silly reify mark deleted [
53 silly reify   'C:\\Users\\user\\Desktop\\Pemrograman Web\\project-uas-if21-mangeakkk\\example-app\\node_modules\\@rollup\\rollup-win32-arm64-msvc'
53 silly reify ]
54 verbose reify failed optional dependency C:\Users\user\Desktop\Pemrograman Web\project-uas-if21-mangeakkk\example-app\node_modules\@rollup\rollup-linux-x64-musl
55 silly reify mark deleted [
55 silly reify   'C:\\Users\\user\\Desktop\\Pemrograman Web\\project-uas-if21-mangeakkk\\example-app\\node_modules\\@rollup\\rollup-linux-x64-musl'
55 silly reify ]
56 verbose reify failed optional dependency C:\Users\user\Desktop\Pemrograman Web\project-uas-if21-mangeakkk\example-app\node_modules\@rollup\rollup-linux-x64-gnu
57 silly reify mark deleted [
57 silly reify   'C:\\Users\\user\\Desktop\\Pemrograman Web\\project-uas-if21-mangeakkk\\example-app\\node_modules\\@rollup\\rollup-linux-x64-gnu'
57 silly reify ]
58 verbose reify failed optional dependency C:\Users\user\Desktop\Pemrograman Web\project-uas-if21-mangeakkk\example-app\node_modules\@rollup\rollup-linux-s390x-gnu
59 silly reify mark deleted [
59 silly reify   'C:\\Users\\user\\Desktop\\Pemrograman Web\\project-uas-if21-mangeakkk\\example-app\\node_modules\\@rollup\\rollup-linux-s390x-gnu'
59 silly reify ]
60 verbose reify failed optional dependency C:\Users\user\Desktop\Pemrograman Web\project-uas-if21-mangeakkk\example-app\node_modules\@rollup\rollup-linux-riscv64-gnu
61 silly reify mark deleted [
61 silly reify   'C:\\Users\\user\\Desktop\\Pemrograman Web\\project-uas-if21-mangeakkk\\example-app\\node_modules\\@rollup\\rollup-linux-riscv64-gnu'
61 silly reify ]
62 verbose reify failed optional dependency C:\Users\user\Desktop\Pemrograman Web\project-uas-if21-mangeakkk\example-app\node_modules\@rollup\rollup-linux-powerpc64le-gnu
63 silly reify mark deleted [
63 silly reify   'C:\\Users\\user\\Desktop\\Pemrograman Web\\project-uas-if21-mangeakkk\\example-app\\node_modules\\@rollup\\rollup-linux-powerpc64le-gnu'
63 silly reify ]
64 verbose reify failed optional dependency C:\Users\user\Desktop\Pemrograman Web\project-uas-if21-mangeakkk\example-app\node_modules\@rollup\rollup-linux-arm64-musl
65 silly reify mark deleted [
65 silly reify   'C:\\Users\\user\\Desktop\\Pemrograman Web\\project-uas-if21-mangeakkk\\example-app\\node_modules\\@rollup\\rollup-linux-arm64-musl'
65 silly reify ]
66 verbose reify failed optional dependency C:\Users\user\Desktop\Pemrograman Web\project-uas-if21-mangeakkk\example-app\node_modules\@rollup\rollup-linux-arm64-gnu
67 silly reify mark deleted [
67 silly reify   'C:\\Users\\user\\Desktop\\Pemrograman Web\\project-uas-if21-mangeakkk\\example-app\\node_modules\\@rollup\\rollup-linux-arm64-gnu'
67 silly reify ]
68 verbose reify failed optional dependency C:\Users\user\Desktop\Pemrograman Web\project-uas-if21-mangeakkk\example-app\node_modules\@rollup\rollup-linux-arm-musleabihf
69 silly reify mark deleted [
69 silly reify   'C:\\Users\\user\\Desktop\\Pemrograman Web\\project-uas-if21-mangeakkk\\example-app\\node_modules\\@rollup\\rollup-linux-arm-musleabihf'
69 silly reify ]
70 verbose reify failed optional dependency C:\Users\user\Desktop\Pemrograman Web\project-uas-if21-mangeakkk\example-app\node_modules\@rollup\rollup-linux-arm-gnueabihf
71 silly reify mark deleted [
71 silly reify   'C:\\Users\\user\\Desktop\\Pemrograman Web\\project-uas-if21-mangeakkk\\example-app\\node_modules\\@rollup\\rollup-linux-arm-gnueabihf'
71 silly reify ]
72 verbose reify failed optional dependency C:\Users\user\Desktop\Pemrograman Web\project-uas-if21-mangeakkk\example-app\node_modules\@rollup\rollup-darwin-x64
73 silly reify mark deleted [
73 silly reify   'C:\\Users\\user\\Desktop\\Pemrograman Web\\project-uas-if21-mangeakkk\\example-app\\node_modules\\@rollup\\rollup-darwin-x64'
73 silly reify ]
74 verbose reify failed optional dependency C:\Users\user\Desktop\Pemrograman Web\project-uas-if21-mangeakkk\example-app\node_modules\@rollup\rollup-darwin-arm64
75 silly reify mark deleted [
75 silly reify   'C:\\Users\\user\\Desktop\\Pemrograman Web\\project-uas-if21-mangeakkk\\example-app\\node_modules\\@rollup\\rollup-darwin-arm64'
75 silly reify ]
76 verbose reify failed optional dependency C:\Users\user\Desktop\Pemrograman Web\project-uas-if21-mangeakkk\example-app\node_modules\@rollup\rollup-android-arm64
77 silly reify mark deleted [
77 silly reify   'C:\\Users\\user\\Desktop\\Pemrograman Web\\project-uas-if21-mangeakkk\\example-app\\node_modules\\@rollup\\rollup-android-arm64'
77 silly reify ]
78 verbose reify failed optional dependency C:\Users\user\Desktop\Pemrograman Web\project-uas-if21-mangeakkk\example-app\node_modules\@rollup\rollup-android-arm-eabi
79 silly reify mark deleted [
79 silly reify   'C:\\Users\\user\\Desktop\\Pemrograman Web\\project-uas-if21-mangeakkk\\example-app\\node_modules\\@rollup\\rollup-android-arm-eabi'
79 silly reify ]
80 verbose reify failed optional dependency C:\Users\user\Desktop\Pemrograman Web\project-uas-if21-mangeakkk\example-app\node_modules\@esbuild\win32-ia32
81 silly reify mark deleted [
81 silly reify   'C:\\Users\\user\\Desktop\\Pemrograman Web\\project-uas-if21-mangeakkk\\example-app\\node_modules\\@esbuild\\win32-ia32'
81 silly reify ]
82 verbose reify failed optional dependency C:\Users\user\Desktop\Pemrograman Web\project-uas-if21-mangeakkk\example-app\node_modules\@esbuild\win32-arm64
83 silly reify mark deleted [
83 silly reify   'C:\\Users\\user\\Desktop\\Pemrograman Web\\project-uas-if21-mangeakkk\\example-app\\node_modules\\@esbuild\\win32-arm64'
83 silly reify ]
84 verbose reify failed optional dependency C:\Users\user\Desktop\Pemrograman Web\project-uas-if21-mangeakkk\example-app\node_modules\@esbuild\sunos-x64
85 silly reify mark deleted [
85 silly reify   'C:\\Users\\user\\Desktop\\Pemrograman Web\\project-uas-if21-mangeakkk\\example-app\\node_modules\\@esbuild\\sunos-x64'
85 silly reify ]
86 verbose reify failed optional dependency C:\Users\user\Desktop\Pemrograman Web\project-uas-if21-mangeakkk\example-app\node_modules\@esbuild\openbsd-x64
87 silly reify mark deleted [
87 silly reify   'C:\\Users\\user\\Desktop\\Pemrograman Web\\project-uas-if21-mangeakkk\\example-app\\node_modules\\@esbuild\\openbsd-x64'
87 silly reify ]
88 verbose reify failed optional dependency C:\Users\user\Desktop\Pemrograman Web\project-uas-if21-mangeakkk\example-app\node_modules\@esbuild\netbsd-x64
89 silly reify mark deleted [
89 silly reify   'C:\\Users\\user\\Desktop\\Pemrograman Web\\project-uas-if21-mangeakkk\\example-app\\node_modules\\@esbuild\\netbsd-x64'
89 silly reify ]
90 verbose reify failed optional dependency C:\Users\user\Desktop\Pemrograman Web\project-uas-if21-mangeakkk\example-app\node_modules\@esbuild\linux-x64
91 silly reify mark deleted [
91 silly reify   'C:\\Users\\user\\Desktop\\Pemrograman Web\\project-uas-if21-mangeakkk\\example-app\\node_modules\\@esbuild\\linux-x64'
91 silly reify ]
92 verbose reify failed optional dependency C:\Users\user\Desktop\Pemrograman Web\project-uas-if21-mangeakkk\example-app\node_modules\@esbuild\linux-s390x
93 silly reify mark deleted [
93 silly reify   'C:\\Users\\user\\Desktop\\Pemrograman Web\\project-uas-if21-mangeakkk\\example-app\\node_modules\\@esbuild\\linux-s390x'
93 silly reify ]
94 verbose reify failed optional dependency C:\Users\user\Desktop\Pemrograman Web\project-uas-if21-mangeakkk\example-app\node_modules\@esbuild\linux-riscv64
95 silly reify mark deleted [
95 silly reify   'C:\\Users\\user\\Desktop\\Pemrograman Web\\project-uas-if21-mangeakkk\\example-app\\node_modules\\@esbuild\\linux-riscv64'
95 silly reify ]
96 verbose reify failed optional dependency C:\Users\user\Desktop\Pemrograman Web\project-uas-if21-mangeakkk\example-app\node_modules\@esbuild\linux-ppc64
97 silly reify mark deleted [
97 silly reify   'C:\\Users\\user\\Desktop\\Pemrograman Web\\project-uas-if21-mangeakkk\\example-app\\node_modules\\@esbuild\\linux-ppc64'
97 silly reify ]
98 verbose reify failed optional dependency C:\Users\user\Desktop\Pemrograman Web\project-uas-if21-mangeakkk\example-app\node_modules\@esbuild\linux-mips64el
99 silly reify mark deleted [
99 silly reify   'C:\\Users\\user\\Desktop\\Pemrograman Web\\project-uas-if21-mangeakkk\\example-app\\node_modules\\@esbuild\\linux-mips64el'
99 silly reify ]
100 verbose reify failed optional dependency C:\Users\user\Desktop\Pemrograman Web\project-uas-if21-mangeakkk\example-app\node_modules\@esbuild\linux-loong64
101 silly reify mark deleted [
101 silly reify   'C:\\Users\\user\\Desktop\\Pemrograman Web\\project-uas-if21-mangeakkk\\example-app\\node_modules\\@esbuild\\linux-loong64'
101 silly reify ]
102 verbose reify failed optional dependency C:\Users\user\Desktop\Pemrograman Web\project-uas-if21-mangeakkk\example-app\node_modules\@esbuild\linux-ia32
103 silly reify mark deleted [
103 silly reify   'C:\\Users\\user\\Desktop\\Pemrograman Web\\project-uas-if21-mangeakkk\\example-app\\node_modules\\@esbuild\\linux-ia32'
103 silly reify ]
104 verbose reify failed optional dependency C:\Users\user\Desktop\Pemrograman Web\project-uas-if21-mangeakkk\example-app\node_modules\@esbuild\linux-arm64
105 silly reify mark deleted [
105 silly reify   'C:\\Users\\user\\Desktop\\Pemrograman Web\\project-uas-if21-mangeakkk\\example-app\\node_modules\\@esbuild\\linux-arm64'
105 silly reify ]
106 verbose reify failed optional dependency C:\Users\user\Desktop\Pemrograman Web\project-uas-if21-mangeakkk\example-app\node_modules\@esbuild\linux-arm
107 silly reify mark deleted [
107 silly reify   'C:\\Users\\user\\Desktop\\Pemrograman Web\\project-uas-if21-mangeakkk\\example-app\\node_modules\\@esbuild\\linux-arm'
107 silly reify ]
108 verbose reify failed optional dependency C:\Users\user\Desktop\Pemrograman Web\project-uas-if21-mangeakkk\example-app\node_modules\@esbuild\freebsd-x64
109 silly reify mark deleted [
109 silly reify   'C:\\Users\\user\\Desktop\\Pemrograman Web\\project-uas-if21-mangeakkk\\example-app\\node_modules\\@esbuild\\freebsd-x64'
109 silly reify ]
110 verbose reify failed optional dependency C:\Users\user\Desktop\Pemrograman Web\project-uas-if21-mangeakkk\example-app\node_modules\@esbuild\freebsd-arm64
111 silly reify mark deleted [
111 silly reify   'C:\\Users\\user\\Desktop\\Pemrograman Web\\project-uas-if21-mangeakkk\\example-app\\node_modules\\@esbuild\\freebsd-arm64'
111 silly reify ]
112 verbose reify failed optional dependency C:\Users\user\Desktop\Pemrograman Web\project-uas-if21-mangeakkk\example-app\node_modules\@esbuild\darwin-x64
113 silly reify mark deleted [
113 silly reify   'C:\\Users\\user\\Desktop\\Pemrograman Web\\project-uas-if21-mangeakkk\\example-app\\node_modules\\@esbuild\\darwin-x64'
113 silly reify ]
114 verbose reify failed optional dependency C:\Users\user\Desktop\Pemrograman Web\project-uas-if21-mangeakkk\example-app\node_modules\@esbuild\darwin-arm64
115 silly reify mark deleted [
115 silly reify   'C:\\Users\\user\\Desktop\\Pemrograman Web\\project-uas-if21-mangeakkk\\example-app\\node_modules\\@esbuild\\darwin-arm64'
115 silly reify ]
116 verbose reify failed optional dependency C:\Users\user\Desktop\Pemrograman Web\project-uas-if21-mangeakkk\example-app\node_modules\@esbuild\android-x64
117 silly reify mark deleted [
117 silly reify   'C:\\Users\\user\\Desktop\\Pemrograman Web\\project-uas-if21-mangeakkk\\example-app\\node_modules\\@esbuild\\android-x64'
117 silly reify ]
118 verbose reify failed optional dependency C:\Users\user\Desktop\Pemrograman Web\project-uas-if21-mangeakkk\example-app\node_modules\@esbuild\android-arm64
119 silly reify mark deleted [
119 silly reify   'C:\\Users\\user\\Desktop\\Pemrograman Web\\project-uas-if21-mangeakkk\\example-app\\node_modules\\@esbuild\\android-arm64'
119 silly reify ]
120 verbose reify failed optional dependency C:\Users\user\Desktop\Pemrograman Web\project-uas-if21-mangeakkk\example-app\node_modules\@esbuild\android-arm
121 silly reify mark deleted [
121 silly reify   'C:\\Users\\user\\Desktop\\Pemrograman Web\\project-uas-if21-mangeakkk\\example-app\\node_modules\\@esbuild\\android-arm'
121 silly reify ]
122 verbose reify failed optional dependency C:\Users\user\Desktop\Pemrograman Web\project-uas-if21-mangeakkk\example-app\node_modules\@esbuild\aix-ppc64
123 silly reify mark deleted [
123 silly reify   'C:\\Users\\user\\Desktop\\Pemrograman Web\\project-uas-if21-mangeakkk\\example-app\\node_modules\\@esbuild\\aix-ppc64'
123 silly reify ]
124 timing reifyNode:node_modules/fsevents Completed in 72ms
125 timing reifyNode:node_modules/@rollup/rollup-win32-ia32-msvc Completed in 73ms
126 timing reifyNode:node_modules/@rollup/rollup-win32-arm64-msvc Completed in 72ms
127 timing reifyNode:node_modules/@rollup/rollup-linux-x64-musl Completed in 72ms
128 timing reifyNode:node_modules/@rollup/rollup-linux-x64-gnu Completed in 72ms
129 timing reifyNode:node_modules/@rollup/rollup-linux-s390x-gnu Completed in 72ms
130 timing reifyNode:node_modules/@rollup/rollup-linux-riscv64-gnu Completed in 72ms
131 timing reifyNode:node_modules/@rollup/rollup-linux-powerpc64le-gnu Completed in 71ms
132 timing reifyNode:node_modules/@rollup/rollup-linux-arm64-musl Completed in 71ms
133 timing reifyNode:node_modules/@rollup/rollup-linux-arm64-gnu Completed in 71ms
134 timing reifyNode:node_modules/@rollup/rollup-linux-arm-musleabihf Completed in 71ms
135 timing reifyNode:node_modules/@rollup/rollup-linux-arm-gnueabihf Completed in 71ms
136 timing reifyNode:node_modules/@rollup/rollup-darwin-x64 Completed in 71ms
137 timing reifyNode:node_modules/@rollup/rollup-darwin-arm64 Completed in 71ms
138 timing reifyNode:node_modules/@rollup/rollup-android-arm64 Completed in 70ms
139 timing reifyNode:node_modules/@rollup/rollup-android-arm-eabi Completed in 70ms
140 timing reifyNode:node_modules/@esbuild/win32-ia32 Completed in 70ms
141 timing reifyNode:node_modules/@esbuild/win32-arm64 Completed in 70ms
142 timing reifyNode:node_modules/@esbuild/sunos-x64 Completed in 70ms
143 timing reifyNode:node_modules/@esbuild/openbsd-x64 Completed in 70ms
144 timing reifyNode:node_modules/@esbuild/netbsd-x64 Completed in 70ms
145 timing reifyNode:node_modules/@esbuild/linux-x64 Completed in 71ms
146 timing reifyNode:node_modules/@esbuild/linux-s390x Completed in 71ms
147 timing reifyNode:node_modules/@esbuild/linux-riscv64 Completed in 71ms
148 timing reifyNode:node_modules/@esbuild/linux-ppc64 Completed in 71ms
149 timing reifyNode:node_modules/@esbuild/linux-mips64el Completed in 71ms
150 timing reifyNode:node_modules/@esbuild/linux-loong64 Completed in 71ms
151 timing reifyNode:node_modules/@esbuild/linux-ia32 Completed in 71ms
152 timing reifyNode:node_modules/@esbuild/linux-arm64 Completed in 71ms
153 timing reifyNode:node_modules/@esbuild/linux-arm Completed in 71ms
154 timing reifyNode:node_modules/@esbuild/freebsd-x64 Completed in 71ms
155 timing reifyNode:node_modules/@esbuild/freebsd-arm64 Completed in 71ms
156 timing reifyNode:node_modules/@esbuild/darwin-x64 Completed in 70ms
157 timing reifyNode:node_modules/@esbuild/darwin-arm64 Completed in 70ms
158 timing reifyNode:node_modules/@esbuild/android-x64 Completed in 70ms
159 timing reifyNode:node_modules/@esbuild/android-arm64 Completed in 70ms
160 timing reifyNode:node_modules/@esbuild/android-arm Completed in 70ms
161 timing reifyNode:node_modules/@esbuild/aix-ppc64 Completed in 70ms
162 timing reify:unpack Completed in 74ms
163 timing reify:unretire Completed in 0ms
164 timing build:queue Completed in 6ms
165 timing build:deps Completed in 6ms
166 timing build Completed in 6ms
167 timing reify:build Completed in 7ms
168 timing reify:trash Completed in 8ms
169 timing reify:save Completed in 68ms
170 http fetch POST 200 https://registry.npmjs.org/-/npm/v1/security/advisories/bulk 552ms
171 timing auditReport:getReport Completed in 558ms
172 silly audit report {}
173 timing auditReport:init Completed in 1ms
174 timing reify:audit Completed in 559ms
175 timing reify Completed in 742ms
176 silly ADD
177 silly ADD
178 silly ADD
179 silly ADD
180 silly ADD
181 silly ADD
182 silly ADD
183 silly ADD
184 silly ADD
185 silly ADD
186 silly ADD
187 silly ADD
188 silly ADD
189 silly ADD
190 silly ADD
191 silly ADD
192 silly ADD
193 silly ADD
194 silly ADD
195 silly ADD
196 silly ADD
197 silly ADD
198 silly ADD
199 silly ADD
200 silly ADD
201 silly ADD
202 silly ADD
203 silly ADD
204 silly ADD
205 silly ADD
206 silly ADD
207 silly ADD
208 silly ADD
209 silly ADD
210 silly ADD
211 silly ADD
212 silly ADD
213 silly ADD
214 timing command:install Completed in 765ms
215 verbose exit 0
216 timing npm Completed in 1288ms
217 info ok
